  Queue구현.cpp
C:\Users\97kth\OneDrive\바탕 화면\3-1\자료구조및알고리즘\자구과제6\Queue구현.cpp(135,19): warning C4305: '인수': 'double'에서 'const T'(으)로 잘립니다.
          with
          [
              T=float
          ]
C:\Users\97kth\OneDrive\바탕 화면\3-1\자료구조및알고리즘\자구과제6\Queue구현.cpp(138,19): warning C4305: '인수': 'double'에서 'const T'(으)로 잘립니다.
          with
          [
              T=float
          ]
C:\Users\97kth\OneDrive\바탕 화면\3-1\자료구조및알고리즘\자구과제6\Queue구현.cpp(141,19): warning C4305: '인수': 'double'에서 'const T'(으)로 잘립니다.
          with
          [
              T=float
          ]
C:\Users\97kth\OneDrive\바탕 화면\3-1\자료구조및알고리즘\자구과제6\Queue구현.cpp(153,19): warning C4305: '인수': 'double'에서 'const T'(으)로 잘립니다.
          with
          [
              T=float
          ]
  자구과제6.vcxproj -> C:\Users\97kth\OneDrive\바탕 화면\3-1\자료구조및알고리즘\자구과제6\Debug\자구과제6.exe
